<?xml version="1.0" encoding="UTF-8"?>
<testng-results ignored="0" total="2" passed="2" failed="0" skipped="0">
  <reporter-output>
    <line>
      <![CDATA[India]]>
    </line>
    <line>
      <![CDATA[Hello]]>
    </line>
  </reporter-output>
  <suite started-at="2023-12-12T16:44:12 IST" name="Default suite" finished-at="2023-12-12T16:44:12 IST" duration-ms="48">
    <groups>
    </groups>
    <test started-at="2023-12-12T16:44:12 IST" name="Default test" finished-at="2023-12-12T16:44:12 IST" duration-ms="48">
      <class name="qsp.Demo3">
        <test-method signature="test2()[pri:0, instance:qsp.Demo3@17cdf2d0]" started-at="2023-12-12T16:44:12 IST" name="test2" finished-at="2023-12-12T16:44:12 IST" duration-ms="9" status="PASS">
          <reporter-output>
            <line>
              <![CDATA[India]]>
            </line>
          </reporter-output>
        </test-method> <!-- test2 -->
        <test-method signature="test1()[pri:1, instance:qsp.Demo3@17cdf2d0]" started-at="2023-12-12T16:44:12 IST" name="test1" finished-at="2023-12-12T16:44:12 IST" duration-ms="1" status="PASS">
          <reporter-output>
            <line>
              <![CDATA[Hello]]>
            </line>
          </reporter-output>
        </test-method> <!-- test1 -->
      </class> <!-- qsp.Demo3 -->
    </test> <!-- Default test -->
  </suite> <!-- Default suite -->
</testng-results>
